# JRE version: Java(TM) SE Runtime Environment (18.0.2+9) (build 18.0.2+9-61)
# Java VM: Java HotSpot(TM) 64-Bit Server VM (18.0.2+9-61, mixed mode, sharing, tiered, compressed oops, compressed class ptrs, g1 gc, windows-amd64)
GC Precious Log:
 CardTable entry size: 512
 Card Set container configuration: InlinePtr #cards 5 size 8 Array Of Cards #cards 12 size 40 Howl #buckets 4 coarsen threshold 1843 Howl Bitmap #cards 512 size 80 coarsen threshold 460 Card regions per heap region 1 cards per card region 2048
 CPUs: 16 total, 16 available
 Memory: 32158M
 Large Page Support: Disabled
 NUMA Support: Disabled
 Compressed Oops: Enabled (32-bit)
 Heap Region Size: 1M
 Heap Min Capacity: 8M
 Heap Initial Capacity: 504M
 Heap Max Capacity: 2G
 Pre-touch: Disabled
 Parallel Workers: 13
 Concurrent Workers: 3
 Concurrent Refinement Workers: 13
 Periodic GC: Disabled
Heap:
 garbage-first heap   total 382976K, used 256208K [0x0000000080000000, 0x0000000100000000)
  region size 1024K, 15 young (15360K), 3 survivors (3072K)
 Metaspace       used 126977K, committed 129280K, reserved 1179648K
  class space    used 16561K, committed 17792K, reserved 1048576K
GC Heap History (20 events):
Event: 180.119 GC heap after
{Heap after GC invocations=35 (full 0):
 garbage-first heap   total 244736K, used 140549K [0x0000000080000000, 0x0000000100000000)
  region size 1024K, 10 young (10240K), 10 survivors (10240K)
 Metaspace       used 110255K, committed 112576K, reserved 1179648K
  class space    used 14865K, committed 16064K, reserved 1048576K
}
Event: 182.796 GC heap before
{Heap before GC invocations=35 (full 0):
 garbage-first heap   total 244736K, used 199941K [0x0000000080000000, 0x0000000100000000)
  region size 1024K, 69 young (70656K), 10 survivors (10240K)
 Metaspace       used 110528K, committed 112832K, reserved 1179648K
  class space    used 14884K, committed 16128K, reserved 1048576K
}
Event: 182.802 GC heap after
{Heap after GC invocations=36 (full 0):
 garbage-first heap   total 244736K, used 150212K [0x0000000080000000, 0x0000000100000000)
  region size 1024K, 9 young (9216K), 9 survivors (9216K)
 Metaspace       used 110528K, committed 112832K, reserved 1179648K
  class space    used 14884K, committed 16128K, reserved 1048576K
}
Event: 188.366 GC heap before
{Heap before GC invocations=36 (full 0):
 garbage-first heap   total 244736K, used 208580K [0x0000000080000000, 0x0000000100000000)
  region size 1024K, 61 young (62464K), 9 survivors (9216K)
 Metaspace       used 118000K, committed 120384K, reserved 1179648K
  class space    used 15703K, committed 16960K, reserved 1048576K
}
Event: 188.369 GC heap after
{Heap after GC invocations=37 (full 0):
 garbage-first heap   total 244736K, used 153279K [0x0000000080000000, 0x0000000100000000)
  region size 1024K, 4 young (4096K), 4 survivors (4096K)
 Metaspace       used 118000K, committed 120384K, reserved 1179648K
  class space    used 15703K, committed 16960K, reserved 1048576K
}
Event: 188.970 GC heap before
{Heap before GC invocations=37 (full 0):
 garbage-first heap   total 244736K, used 209599K [0x0000000080000000, 0x0000000100000000)
  region size 1024K, 55 young (56320K), 4 survivors (4096K)
 Metaspace       used 119976K, committed 122304K, reserved 1179648K
  class space    used 15854K, committed 17088K, reserved 1048576K
}
Event: 188.976 GC heap after
{Heap after GC invocations=38 (full 0):
 garbage-first heap   total 244736K, used 168188K [0x0000000080000000, 0x0000000100000000)
  region size 1024K, 7 young (7168K), 7 survivors (7168K)
 Metaspace       used 119976K, committed 122304K, reserved 1179648K
  class space    used 15854K, committed 17088K, reserved 1048576K
}
Event: 189.460 GC heap before
{Heap before GC invocations=38 (full 0):
 garbage-first heap   total 244736K, used 207100K [0x0000000080000000, 0x0000000100000000)
  region size 1024K, 42 young (43008K), 7 survivors (7168K)
 Metaspace       used 123591K, committed 125888K, reserved 1179648K
  class space    used 16124K, committed 17344K, reserved 1048576K
}
Event: 189.466 GC heap after
{Heap after GC invocations=39 (full 0):
 garbage-first heap   total 244736K, used 179410K [0x0000000080000000, 0x0000000100000000)
  region size 1024K, 6 young (6144K), 6 survivors (6144K)
 Metaspace       used 123591K, committed 125888K, reserved 1179648K
  class space    used 16124K, committed 17344K, reserved 1048576K
}
Event: 189.562 GC heap before
{Heap before GC invocations=39 (full 0):
 garbage-first heap   total 244736K, used 205010K [0x0000000080000000, 0x0000000100000000)
  region size 1024K, 31 young (31744K), 6 survivors (6144K)
 Metaspace       used 123592K, committed 125888K, reserved 1179648K
  class space    used 16124K, committed 17344K, reserved 1048576K
}
Event: 189.569 GC heap after
{Heap after GC invocations=40 (full 0):
 garbage-first heap   total 244736K, used 205073K [0x0000000080000000, 0x0000000100000000)
  region size 1024K, 4 young (4096K), 4 survivors (4096K)
 Metaspace       used 123592K, committed 125888K, reserved 1179648K
  class space    used 16124K, committed 17344K, reserved 1048576K
}
Event: 189.587 GC heap before
{Heap before GC invocations=40 (full 0):
 garbage-first heap   total 244736K, used 212241K [0x0000000080000000, 0x0000000100000000)
  region size 1024K, 11 young (11264K), 4 survivors (4096K)
 Metaspace       used 123594K, committed 125888K, reserved 1179648K
  class space    used 16124K, committed 17344K, reserved 1048576K
}
Event: 189.590 GC heap after
{Heap after GC invocations=41 (full 0):
 garbage-first heap   total 244736K, used 213666K [0x0000000080000000, 0x0000000100000000)
  region size 1024K, 2 young (2048K), 2 survivors (2048K)
 Metaspace       used 123594K, committed 125888K, reserved 1179648K
  class space    used 16124K, committed 17344K, reserved 1048576K
}
Event: 189.609 GC heap before
{Heap before GC invocations=41 (full 0):
 garbage-first heap   total 244736K, used 222882K [0x0000000080000000, 0x0000000100000000)
  region size 1024K, 11 young (11264K), 2 survivors (2048K)
 Metaspace       used 123594K, committed 125888K, reserved 1179648K
  class space    used 16124K, committed 17344K, reserved 1048576K
}
Event: 189.612 GC heap after
{Heap after GC invocations=42 (full 0):
 garbage-first heap   total 244736K, used 223787K [0x0000000080000000, 0x0000000100000000)
  region size 1024K, 2 young (2048K), 2 survivors (2048K)
 Metaspace       used 123594K, committed 125888K, reserved 1179648K
  class space    used 16124K, committed 17344K, reserved 1048576K
}
Event: 189.673 GC heap before
{Heap before GC invocations=42 (full 0):
 garbage-first heap   total 382976K, used 228907K [0x0000000080000000, 0x0000000100000000)
  region size 1024K, 11 young (11264K), 2 survivors (2048K)
 Metaspace       used 124105K, committed 126400K, reserved 1179648K
  class space    used 16184K, committed 17408K, reserved 1048576K
}
Event: 189.676 GC heap after
{Heap after GC invocations=43 (full 0):
 garbage-first heap   total 382976K, used 226455K [0x0000000080000000, 0x0000000100000000)
  region size 1024K, 2 young (2048K), 2 survivors (2048K)
 Metaspace       used 124105K, committed 126400K, reserved 1179648K
  class space    used 16184K, committed 17408K, reserved 1048576K
}
Event: 190.045 GC heap before
{Heap before GC invocations=44 (full 0):
 garbage-first heap   total 382976K, used 268439K [0x0000000080000000, 0x0000000100000000)
  region size 1024K, 42 young (43008K), 2 survivors (2048K)
 Metaspace       used 126977K, committed 129280K, reserved 1179648K
  class space    used 16561K, committed 17792K, reserved 1048576K
}
Event: 190.049 GC heap after
{Heap after GC invocations=45 (full 0):
 garbage-first heap   total 382976K, used 243920K [0x0000000080000000, 0x0000000100000000)
  region size 1024K, 6 young (6144K), 6 survivors (6144K)
 Metaspace       used 126977K, committed 129280K, reserved 1179648K
  class space    used 16561K, committed 17792K, reserved 1048576K
}
Event: 190.074 GC heap before
{Heap before GC invocations=45 (full 0):
 garbage-first heap   total 382976K, used 256208K [0x0000000080000000, 0x0000000100000000)
  region size 1024K, 18 young (18432K), 6 survivors (6144K)
 Metaspace       used 126977K, committed 129280K, reserved 1179648K
  class space    used 16561K, committed 17792K, reserved 1048576K
}

